Using pre-set license
Built from '2020.3/staging' branch; Version is '2020.3.32f1 (12f8b0834f07) revision 1243312'; Using compiler version '192528614'; Build Type 'Release'
OS: 'Windows 10  (10.0.19044) 64bit Professional' Language: 'en' Physical Memory: 15737 MB
BatchMode: 1, IsHumanControllingUs: 0, StartBugReporterOnCrash: 0, Is64bit: 1, IsPro: 0

COMMAND LINE ARGUMENTS:
S:\Program Files\Unity Hub\Editor\2020.3.32f1\Editor\Unity.exe
-adb2
-batchMode
-noUpm
-name
AssetImportWorker0
-projectPath
S:/TEP CUA BO 4/Game/Code/Game2D/AdventureGame
-logFile
Logs/AssetImportWorker0.log
-srvPort
50566
Successfully changed project path to: S:/TEP CUA BO 4/Game/Code/Game2D/AdventureGame
S:/TEP CUA BO 4/Game/Code/Game2D/AdventureGame
Using Asset Import Pipeline V2.
Refreshing native plugins compatible for Editor in 76.25 ms, found 3 plugins.
Preloading 0 native plugins for Editor in 0.00 ms.
Initialize engine version: 2020.3.32f1 (12f8b0834f07)
[Subsystems] Discovering subsystems at path S:/Program Files/Unity Hub/Editor/2020.3.32f1/Editor/Data/Resources/UnitySubsystems
[Subsystems] Discovering subsystems at path S:/TEP CUA BO 4/Game/Code/Game2D/AdventureGame/Assets
GfxDevice: creating device client; threaded=0
Direct3D:
    Version:  Direct3D 11.0 [level 11.1]
    Renderer: AMD Radeon(TM) Graphics (ID=0x1636)
    Vendor:   
    VRAM:     7868 MB
    Driver:   30.0.13014.8
Initialize mono
Mono path[0] = 'S:/Program Files/Unity Hub/Editor/2020.3.32f1/Editor/Data/Managed'
Mono path[1] = 'S:/Program Files/Unity Hub/Editor/2020.3.32f1/Editor/Data/MonoBleedingEdge/lib/mono/unityjit'
Mono config path = 'S:/Program Files/Unity Hub/Editor/2020.3.32f1/Editor/Data/MonoBleedingEdge/etc'
Using monoOptions --debugger-agent=transport=dt_socket,embedding=1,server=y,suspend=n,address=127.0.0.1:56420
Begin MonoManager ReloadAssembly
Registering precompiled unity dll's ...
Register platform support module: S:/Program Files/Unity Hub/Editor/2020.3.32f1/Editor/Data/PlaybackEngines/WindowsStandaloneSupport/UnityEditor.WindowsStandalone.Extensions.dll
Registered in 0.001944 seconds.
Native extension for WindowsStandalone target not found
Refreshing native plugins compatible for Editor in 77.25 ms, found 3 plugins.
Preloading 0 native plugins for Editor in 0.00 ms.
Mono: successfully reloaded assembly
- Completed reload, in  0.916 seconds
Domain Reload Profiling:
	ReloadAssembly (916ms)
		BeginReloadAssembly (90ms)
			ExecutionOrderSort (0ms)
			DisableScriptedObjects (0ms)
			BackupInstance (0ms)
			ReleaseScriptingObjects (0ms)
			CreateAndSetChildDomain (1ms)
		EndReloadAssembly (709ms)
			LoadAssemblies (88ms)
			RebuildTransferFunctionScriptingTraits (0ms)
			SetupTypeCache (227ms)
			ReleaseScriptCaches (0ms)
			RebuildScriptCaches (49ms)
			SetupLoadedEditorAssemblies (289ms)
				LogAssemblyErrors (0ms)
				InitializePlatformSupportModulesInManaged (7ms)
				SetLoadedEditorAssemblies (0ms)
				RefreshPlugins (77ms)
				BeforeProcessingInitializeOnLoad (24ms)
				ProcessInitializeOnLoadAttributes (133ms)
				ProcessInitializeOnLoadMethodAttributes (47ms)
				AfterProcessingInitializeOnLoad (0ms)
				EditorAssembliesLoaded (1ms)
			ExecutionOrderSort2 (0ms)
			AwakeInstancesAfterBackupRestoration (0ms)
Platform modules already initialized, skipping
Registering precompiled user dll's ...
Registered in 0.003526 seconds.
Begin MonoManager ReloadAssembly
Native extension for WindowsStandalone target not found
Refreshing native plugins compatible for Editor in 77.10 ms, found 3 plugins.
Preloading 0 native plugins for Editor in 0.00 ms.
Mono: successfully reloaded assembly
- Completed reload, in  1.704 seconds
Domain Reload Profiling:
	ReloadAssembly (1705ms)
		BeginReloadAssembly (229ms)
			ExecutionOrderSort (0ms)
			DisableScriptedObjects (8ms)
			BackupInstance (0ms)
			ReleaseScriptingObjects (0ms)
			CreateAndSetChildDomain (30ms)
		EndReloadAssembly (1385ms)
			LoadAssemblies (137ms)
			RebuildTransferFunctionScriptingTraits (0ms)
			SetupTypeCache (465ms)
			ReleaseScriptCaches (1ms)
			RebuildScriptCaches (76ms)
			SetupLoadedEditorAssemblies (542ms)
				LogAssemblyErrors (0ms)
				InitializePlatformSupportModulesInManaged (6ms)
				SetLoadedEditorAssemblies (0ms)
				RefreshPlugins (77ms)
				BeforeProcessingInitializeOnLoad (122ms)
				ProcessInitializeOnLoadAttributes (305ms)
				ProcessInitializeOnLoadMethodAttributes (27ms)
				AfterProcessingInitializeOnLoad (4ms)
				EditorAssembliesLoaded (0ms)
			ExecutionOrderSort2 (0ms)
			AwakeInstancesAfterBackupRestoration (9ms)
Platform modules already initialized, skipping
========================================================================
Worker process is ready to serve import requests
Launched and connected shader compiler UnityShaderCompiler.exe after 0.08 seconds
Refreshing native plugins compatible for Editor in 0.68 ms, found 3 plugins.
Preloading 0 native plugins for Editor in 0.00 ms.
Unloading 2225 Unused Serialized files (Serialized files now loaded: 0)
System memory in use before: 118.5 MB.
System memory in use after: 118.5 MB.

Unloading 30 unused Assets to reduce memory usage. Loaded Objects now: 2687.
Total: 4.808800 ms (FindLiveObjects: 0.246100 ms CreateObjectMapping: 0.087000 ms MarkObjects: 4.251700 ms  DeleteObjects: 0.222500 ms)

AssetImportParameters requested are different than current active one (requested -> active):
  custom:framework-win-MediaFoundation: 216162199b28c13a410421893ffa2e32 -> 
  custom:video-decoder-ogg-theora: a1e56fd34408186e4bbccfd4996cb3dc -> 
  custom:container-muxer-webm: aa71ff27fc2769a1b78a27578f13a17b -> 
  custom:container-demuxer-webm: 4f35f7cbe854078d1ac9338744f61a02 -> 
  custom:container-demuxer-ogg: 62fdf1f143b41e24485cea50d1cbac27 -> 
  custom:video-encoder-webm-vp8: eb34c28f22e8b96e1ab97ce403110664 -> 
  custom:video-decoder-webm-vp8: 9c59270c3fd7afecdb556c50c9e8de78 -> 
  custom:audio-decoder-ogg-vorbis: bf7c407c2cedff20999df2af8eb42d56 -> 
  custom:audio-encoder-webm-vorbis: bf7c407c2cedff20999df2af8eb42d56 -> 
========================================================================
Received Import Request.
  path: Assets/Prefabs/Next.prefab
  artifactKey: Guid(720173ab500a1fa4d8f804fc309e236f) Importer(815301076,1909f56bfc062723c751e8b465ee728b)
Start importing Assets/Prefabs/Next.prefab using Guid(720173ab500a1fa4d8f804fc309e236f) Importer(815301076,1909f56bfc062723c751e8b465ee728b)  -> (artifact id: 'f0bd88b3ffaa10fbf5ddccbd3789098b') in 0.166154 seconds 
========================================================================
Received Import Request.
  Time since last request: 0.000384 seconds.
  path: Assets/Prefabs/heal.prefab
  artifactKey: Guid(f4d9e909d08493d4c852c2462ff331de) Importer(815301076,1909f56bfc062723c751e8b465ee728b)
Start importing Assets/Prefabs/heal.prefab using Guid(f4d9e909d08493d4c852c2462ff331de) Importer(815301076,1909f56bfc062723c751e8b465ee728b)  -> (artifact id: '9f2c49bd253791101513b7b7cde7f964') in 0.026985 seconds 
========================================================================
Received Import Request.
  Time since last request: 0.000351 seconds.
  path: Assets/Prefabs/1-Cau.prefab
  artifactKey: Guid(aa693c56b4db83b4e98157374f75e9e0) Importer(815301076,1909f56bfc062723c751e8b465ee728b)
Start importing Assets/Prefabs/1-Cau.prefab using Guid(aa693c56b4db83b4e98157374f75e9e0) Importer(815301076,1909f56bfc062723c751e8b465ee728b)  -> (artifact id: 'a03e35a5bee02684fab2a8f4e616eb33') in 0.037881 seconds 
========================================================================
Received Import Request.
  Time since last request: 0.000513 seconds.
  path: Assets/Prefabs/Explosion.prefab
  artifactKey: Guid(35389c2b829da984786a6c651b76536a) Importer(815301076,1909f56bfc062723c751e8b465ee728b)
Start importing Assets/Prefabs/Explosion.prefab using Guid(35389c2b829da984786a6c651b76536a) Importer(815301076,1909f56bfc062723c751e8b465ee728b)  -> (artifact id: '54f4b0c9b7bdc3dfd30844240bdfbb6f') in 0.022198 seconds 
========================================================================
Received Import Request.
  Time since last request: 0.000414 seconds.
  path: Assets/Prefabs/cau.prefab
  artifactKey: Guid(3db5f1716eb6a9e4798f2fbb1a3f7988) Importer(815301076,1909f56bfc062723c751e8b465ee728b)
Start importing Assets/Prefabs/cau.prefab using Guid(3db5f1716eb6a9e4798f2fbb1a3f7988) Importer(815301076,1909f56bfc062723c751e8b465ee728b)  -> (artifact id: 'd563f78038399b686a7201eb13571ede') in 0.030088 seconds 
========================================================================
Received Import Request.
  Time since last request: 0.000343 seconds.
  path: Assets/Prefabs/Enemy Bo.prefab
  artifactKey: Guid(476ae5a7505793c4fbb2182d1cdd4645) Importer(815301076,1909f56bfc062723c751e8b465ee728b)
Start importing Assets/Prefabs/Enemy Bo.prefab using Guid(476ae5a7505793c4fbb2182d1cdd4645) Importer(815301076,1909f56bfc062723c751e8b465ee728b)  -> (artifact id: '545f91c7dc873116538a8edfe2474df8') in 0.052896 seconds 
========================================================================
Received Import Request.
  Time since last request: 0.000364 seconds.
  path: Assets/Prefabs/AudioManager.prefab
  artifactKey: Guid(ca0a329dbd7f28d4f9e802acbc7f8292) Importer(815301076,1909f56bfc062723c751e8b465ee728b)
Start importing Assets/Prefabs/AudioManager.prefab using Guid(ca0a329dbd7f28d4f9e802acbc7f8292) Importer(815301076,1909f56bfc062723c751e8b465ee728b)  -> (artifact id: '055d11740e4ed61ed465b8ecf819edd7') in 0.013784 seconds 
========================================================================
Received Import Request.
  Time since last request: 0.000314 seconds.
  path: Assets/Prefabs/Canvas.prefab
  artifactKey: Guid(c251182be6378e945820a19834d99630) Importer(815301076,1909f56bfc062723c751e8b465ee728b)
Start importing Assets/Prefabs/Canvas.prefab using Guid(c251182be6378e945820a19834d99630) Importer(815301076,1909f56bfc062723c751e8b465ee728b)  -> (artifact id: 'bc701a956bb65606042295f2be23faef') in 0.035441 seconds 
========================================================================
Received Import Request.
  Time since last request: 0.000411 seconds.
  path: Assets/Prefabs/Am-khi.prefab
  artifactKey: Guid(aa6b8cd9ea1b13a438f77958cb4a68fa) Importer(815301076,1909f56bfc062723c751e8b465ee728b)
Start importing Assets/Prefabs/Am-khi.prefab using Guid(aa6b8cd9ea1b13a438f77958cb4a68fa) Importer(815301076,1909f56bfc062723c751e8b465ee728b)  -> (artifact id: 'e7fc1facea01ea13f8bfa8986d13ceb5') in 0.045173 seconds 
========================================================================
Received Import Request.
  Time since last request: 0.000391 seconds.
  path: Assets/Prefabs/Logo.prefab
  artifactKey: Guid(29b8f99f772f5f44796723907376e09a) Importer(815301076,1909f56bfc062723c751e8b465ee728b)
Start importing Assets/Prefabs/Logo.prefab using Guid(29b8f99f772f5f44796723907376e09a) Importer(815301076,1909f56bfc062723c751e8b465ee728b)  -> (artifact id: 'a0ccfc258320541cbf4262c989a3352d') in 0.044568 seconds 
========================================================================
Received Import Request.
  Time since last request: 0.000483 seconds.
  path: Assets/Prefabs/BoxBoss.prefab
  artifactKey: Guid(7df8aef21c8a2f54d9dbe1a5d2fafe69) Importer(815301076,1909f56bfc062723c751e8b465ee728b)
Start importing Assets/Prefabs/BoxBoss.prefab using Guid(7df8aef21c8a2f54d9dbe1a5d2fafe69) Importer(815301076,1909f56bfc062723c751e8b465ee728b)  -> (artifact id: 'ec623f99def86af01f30804eec37db1f') in 0.028778 seconds 
========================================================================
Received Import Request.
  Time since last request: 0.000559 seconds.
  path: Assets/Prefabs/Y_Ground.prefab
  artifactKey: Guid(2a83773832653f340b4ad6d5765ba9d7) Importer(815301076,1909f56bfc062723c751e8b465ee728b)
Start importing Assets/Prefabs/Y_Ground.prefab using Guid(2a83773832653f340b4ad6d5765ba9d7) Importer(815301076,1909f56bfc062723c751e8b465ee728b)  -> (artifact id: 'ab46a4e01c114de6bdd885fbdbc44168') in 0.029488 seconds 
========================================================================
Received Import Request.
  Time since last request: 0.000443 seconds.
  path: Assets/Prefabs/GameController.prefab
  artifactKey: Guid(c5605a0df2998e94a91806580bbe65c0) Importer(815301076,1909f56bfc062723c751e8b465ee728b)
Start importing Assets/Prefabs/GameController.prefab using Guid(c5605a0df2998e94a91806580bbe65c0) Importer(815301076,1909f56bfc062723c751e8b465ee728b)  -> (artifact id: '54eaaeb9331b399782126db88575ae66') in 0.017660 seconds 
========================================================================
Received Import Request.
  Time since last request: 0.000722 seconds.
  path: Assets/Prefabs/Control.prefab
  artifactKey: Guid(8b8b6c5dd97a744448859b2adc5baa42) Importer(815301076,1909f56bfc062723c751e8b465ee728b)
Start importing Assets/Prefabs/Control.prefab using Guid(8b8b6c5dd97a744448859b2adc5baa42) Importer(815301076,1909f56bfc062723c751e8b465ee728b)  -> (artifact id: '1c0fcfac2a0c2cf5541e9afce0380ef8') in 0.028396 seconds 
========================================================================
Received Import Request.
  Time since last request: 0.000367 seconds.
  path: Assets/Prefabs/1-Dinh.prefab
  artifactKey: Guid(66ea14ee18a4e7645a362ccf5640847b) Importer(815301076,1909f56bfc062723c751e8b465ee728b)
Start importing Assets/Prefabs/1-Dinh.prefab using Guid(66ea14ee18a4e7645a362ccf5640847b) Importer(815301076,1909f56bfc062723c751e8b465ee728b)  -> (artifact id: 'abf6b159c8a1a89dfa1256c7fd56ec42') in 0.026510 seconds 
========================================================================
Received Import Request.
  Time since last request: 0.000350 seconds.
  path: Assets/Prefabs/Coins.prefab
  artifactKey: Guid(1f562fc4dab919f4db9b00854dfdb254) Importer(815301076,1909f56bfc062723c751e8b465ee728b)
Start importing Assets/Prefabs/Coins.prefab using Guid(1f562fc4dab919f4db9b00854dfdb254) Importer(815301076,1909f56bfc062723c751e8b465ee728b)  -> (artifact id: 'b022f84b6c338367befae3a902a13af5') in 0.029901 seconds 
========================================================================
Received Import Request.
  Time since last request: 0.000490 seconds.
  path: Assets/Prefabs/X_Ground.prefab
  artifactKey: Guid(f3a4ef4e7fb99134ebd726f24baec6de) Importer(815301076,1909f56bfc062723c751e8b465ee728b)
Start importing Assets/Prefabs/X_Ground.prefab using Guid(f3a4ef4e7fb99134ebd726f24baec6de) Importer(815301076,1909f56bfc062723c751e8b465ee728b)  -> (artifact id: 'c4395e6d00bc5fd210b285e039de5922') in 0.024468 seconds 
========================================================================
Received Import Request.
  Time since last request: 0.000436 seconds.
  path: Assets/Prefabs/EnemyBird.prefab
  artifactKey: Guid(b01344e51736af54488b03eadfb142cc) Importer(815301076,1909f56bfc062723c751e8b465ee728b)
Start importing Assets/Prefabs/EnemyBird.prefab using Guid(b01344e51736af54488b03eadfb142cc) Importer(815301076,1909f56bfc062723c751e8b465ee728b)  -> (artifact id: '997f666d62aa8e8e894844473b1ac1f2') in 0.027465 seconds 
========================================================================
Received Import Request.
  Time since last request: 0.000358 seconds.
  path: Assets/Prefabs/Character.prefab
  artifactKey: Guid(3e29c7a31908a3543bd75fb03747b953) Importer(815301076,1909f56bfc062723c751e8b465ee728b)
Start importing Assets/Prefabs/Character.prefab using Guid(3e29c7a31908a3543bd75fb03747b953) Importer(815301076,1909f56bfc062723c751e8b465ee728b)  -> (artifact id: '59d2c8fe8e8ce4157e0fbb8a342a6206') in 0.037810 seconds 
========================================================================
Received Import Request.
  Time since last request: 0.000342 seconds.
  path: Assets/Prefabs/ShurikenExplosion.prefab
  artifactKey: Guid(5483643089089f848b9990d0089bbe0f) Importer(815301076,1909f56bfc062723c751e8b465ee728b)
Start importing Assets/Prefabs/ShurikenExplosion.prefab using Guid(5483643089089f848b9990d0089bbe0f) Importer(815301076,1909f56bfc062723c751e8b465ee728b)  -> (artifact id: 'f8524542f251d10ed1bf43c96a21eefe') in 0.042627 seconds 
========================================================================
Received Import Request.
  Time since last request: 0.000426 seconds.
  path: Assets/Prefabs/Coin.prefab
  artifactKey: Guid(6da123d10937c074a8086a6119620ce3) Importer(815301076,1909f56bfc062723c751e8b465ee728b)
Start importing Assets/Prefabs/Coin.prefab using Guid(6da123d10937c074a8086a6119620ce3) Importer(815301076,1909f56bfc062723c751e8b465ee728b)  -> (artifact id: 'f45c9acdf06947bc51ae5bb605156f9f') in 0.022912 seconds 
========================================================================
Received Import Request.
  Time since last request: 12.277304 seconds.
  path: Assets/Scripts/StartGame.cs
  artifactKey: Guid(0c6ab2c64d62f2c4c97365c3156a88da) Importer(815301076,1909f56bfc062723c751e8b465ee728b)
Start importing Assets/Scripts/StartGame.cs using Guid(0c6ab2c64d62f2c4c97365c3156a88da) Importer(815301076,1909f56bfc062723c751e8b465ee728b)  -> (artifact id: '8a5cf1dcdb1a1d073fdd9d58caf86566') in 0.062520 seconds 
========================================================================
Received Import Request.
  Time since last request: 208.536602 seconds.
  path: Assets/Scripts/LoadGame.cs
  artifactKey: Guid(92aa355403fdfe04ea494ad47e070257) Importer(815301076,1909f56bfc062723c751e8b465ee728b)
Start importing Assets/Scripts/LoadGame.cs using Guid(92aa355403fdfe04ea494ad47e070257) Importer(815301076,1909f56bfc062723c751e8b465ee728b)  -> (artifact id: '3f51fec16461b4728b8f6cee1b66c79e') in 0.025756 seconds 
========================================================================
Received Prepare
Registering precompiled user dll's ...
Registered in 0.002944 seconds.
Begin MonoManager ReloadAssembly
Native extension for WindowsStandalone target not found
Refreshing native plugins compatible for Editor in 0.99 ms, found 3 plugins.
Preloading 0 native plugins for Editor in 0.00 ms.
Mono: successfully reloaded assembly
- Completed reload, in  1.481 seconds
Domain Reload Profiling:
	ReloadAssembly (1482ms)
		BeginReloadAssembly (164ms)
			ExecutionOrderSort (0ms)
			DisableScriptedObjects (11ms)
			BackupInstance (0ms)
			ReleaseScriptingObjects (0ms)
			CreateAndSetChildDomain (54ms)
		EndReloadAssembly (1228ms)
			LoadAssemblies (132ms)
			RebuildTransferFunctionScriptingTraits (0ms)
			SetupTypeCache (443ms)
			ReleaseScriptCaches (2ms)
			RebuildScriptCaches (66ms)
			SetupLoadedEditorAssemblies (439ms)
				LogAssemblyErrors (0ms)
				InitializePlatformSupportModulesInManaged (6ms)
				SetLoadedEditorAssemblies (1ms)
				RefreshPlugins (1ms)
				BeforeProcessingInitializeOnLoad (127ms)
				ProcessInitializeOnLoadAttributes (284ms)
				ProcessInitializeOnLoadMethodAttributes (16ms)
				AfterProcessingInitializeOnLoad (3ms)
				EditorAssembliesLoaded (0ms)
			ExecutionOrderSort2 (0ms)
			AwakeInstancesAfterBackupRestoration (13ms)
Platform modules already initialized, skipping
Refreshing native plugins compatible for Editor in 0.94 ms, found 3 plugins.
Preloading 0 native plugins for Editor in 0.00 ms.
Unloading 2220 Unused Serialized files (Serialized files now loaded: 0)
System memory in use before: 121.9 MB.
System memory in use after: 121.8 MB.

Unloading 23 unused Assets to reduce memory usage. Loaded Objects now: 2700.
Total: 5.384700 ms (FindLiveObjects: 0.246700 ms CreateObjectMapping: 0.084400 ms MarkObjects: 4.840300 ms  DeleteObjects: 0.211400 ms)

AssetImportParameters requested are different than current active one (requested -> active):
  custom:framework-win-MediaFoundation: 216162199b28c13a410421893ffa2e32 -> 
  custom:video-decoder-ogg-theora: a1e56fd34408186e4bbccfd4996cb3dc -> 
  custom:container-muxer-webm: aa71ff27fc2769a1b78a27578f13a17b -> 
  custom:container-demuxer-webm: 4f35f7cbe854078d1ac9338744f61a02 -> 
  custom:container-demuxer-ogg: 62fdf1f143b41e24485cea50d1cbac27 -> 
  custom:video-encoder-webm-vp8: eb34c28f22e8b96e1ab97ce403110664 -> 
  custom:video-decoder-webm-vp8: 9c59270c3fd7afecdb556c50c9e8de78 -> 
  custom:audio-decoder-ogg-vorbis: bf7c407c2cedff20999df2af8eb42d56 -> 
  custom:audio-encoder-webm-vorbis: bf7c407c2cedff20999df2af8eb42d56 -> 
========================================================================
Received Prepare
Registering precompiled user dll's ...
Registered in 0.005950 seconds.
Begin MonoManager ReloadAssembly
Native extension for WindowsStandalone target not found
Refreshing native plugins compatible for Editor in 1.91 ms, found 3 plugins.
Preloading 0 native plugins for Editor in 0.00 ms.
Mono: successfully reloaded assembly
- Completed reload, in  2.881 seconds
Domain Reload Profiling:
	ReloadAssembly (2882ms)
		BeginReloadAssembly (330ms)
			ExecutionOrderSort (0ms)
			DisableScriptedObjects (16ms)
			BackupInstance (0ms)
			ReleaseScriptingObjects (0ms)
			CreateAndSetChildDomain (118ms)
		EndReloadAssembly (2368ms)
			LoadAssemblies (335ms)
			RebuildTransferFunctionScriptingTraits (0ms)
			SetupTypeCache (805ms)
			ReleaseScriptCaches (2ms)
			RebuildScriptCaches (132ms)
			SetupLoadedEditorAssemblies (878ms)
				LogAssemblyErrors (0ms)
				InitializePlatformSupportModulesInManaged (16ms)
				SetLoadedEditorAssemblies (2ms)
				RefreshPlugins (2ms)
				BeforeProcessingInitializeOnLoad (247ms)
				ProcessInitializeOnLoadAttributes (574ms)
				ProcessInitializeOnLoadMethodAttributes (29ms)
				AfterProcessingInitializeOnLoad (7ms)
				EditorAssembliesLoaded (1ms)
			ExecutionOrderSort2 (0ms)
			AwakeInstancesAfterBackupRestoration (31ms)
Platform modules already initialized, skipping
Refreshing native plugins compatible for Editor in 1.67 ms, found 3 plugins.
Preloading 0 native plugins for Editor in 0.00 ms.
Unloading 2220 Unused Serialized files (Serialized files now loaded: 0)
System memory in use before: 121.9 MB.
System memory in use after: 121.9 MB.

Unloading 20 unused Assets to reduce memory usage. Loaded Objects now: 2703.
Total: 13.996300 ms (FindLiveObjects: 0.856900 ms CreateObjectMapping: 0.109700 ms MarkObjects: 12.371800 ms  DeleteObjects: 0.654800 ms)

AssetImportParameters requested are different than current active one (requested -> active):
  custom:framework-win-MediaFoundation: 216162199b28c13a410421893ffa2e32 -> 
  custom:video-decoder-ogg-theora: a1e56fd34408186e4bbccfd4996cb3dc -> 
  custom:container-muxer-webm: aa71ff27fc2769a1b78a27578f13a17b -> 
  custom:container-demuxer-webm: 4f35f7cbe854078d1ac9338744f61a02 -> 
  custom:container-demuxer-ogg: 62fdf1f143b41e24485cea50d1cbac27 -> 
  custom:video-encoder-webm-vp8: eb34c28f22e8b96e1ab97ce403110664 -> 
  custom:video-decoder-webm-vp8: 9c59270c3fd7afecdb556c50c9e8de78 -> 
  custom:audio-decoder-ogg-vorbis: bf7c407c2cedff20999df2af8eb42d56 -> 
  custom:audio-encoder-webm-vorbis: bf7c407c2cedff20999df2af8eb42d56 -> 
AssetImportWorkerClient::OnTransportError - code=2 error=End of file
